0 info it worked if it ends with ok
1 verbose cli [ '/usr/bin/nodejs', '/usr/bin/npm', 'install', '-g', 'bower' ]
2 info using npm@3.5.2
3 info using node@v4.2.6
4 silly loadCurrentTree Starting
5 silly install loadCurrentTree
6 silly install readGlobalPackageData
7 silly fetchPackageMetaData bower
8 silly fetchNamedPackageData bower
9 silly mapToRegistry name bower
10 silly mapToRegistry using default registry
11 silly mapToRegistry registry https://registry.npmjs.org/
12 silly mapToRegistry uri https://registry.npmjs.org/bower
13 verbose request uri https://registry.npmjs.org/bower
14 verbose request no auth needed
15 info attempt registry request try #1 at 12:14:36 PM
16 verbose request id 2873e495bf66281e
17 http request GET https://registry.npmjs.org/bower
18 http 200 https://registry.npmjs.org/bower
19 verbose headers { server: 'nginx/1.10.3',
19 verbose headers   'content-type': 'application/json',
19 verbose headers   'last-modified': 'Mon, 10 Jul 2017 22:02:49 GMT',
19 verbose headers   etag: 'W/"5963f989-31fa8"',
19 verbose headers   'content-encoding': 'gzip',
19 verbose headers   'cache-control': 'max-age=300',
19 verbose headers   'content-length': '17320',
19 verbose headers   'accept-ranges': 'bytes',
19 verbose headers   date: 'Wed, 12 Jul 2017 06:44:41 GMT',
19 verbose headers   via: '1.1 varnish',
19 verbose headers   age: '72',
19 verbose headers   connection: 'keep-alive',
19 verbose headers   'x-served-by': 'cache-sin18027-SIN',
19 verbose headers   'x-cache': 'HIT',
19 verbose headers   'x-cache-hits': '3',
19 verbose headers   'x-timer': 'S1499841882.505729,VS0,VE0',
19 verbose headers   vary: 'Accept-Encoding, Accept' }
20 silly get cb [ 200,
20 silly get   { server: 'nginx/1.10.3',
20 silly get     'content-type': 'application/json',
20 silly get     'last-modified': 'Mon, 10 Jul 2017 22:02:49 GMT',
20 silly get     etag: 'W/"5963f989-31fa8"',
20 silly get     'content-encoding': 'gzip',
20 silly get     'cache-control': 'max-age=300',
20 silly get     'content-length': '17320',
20 silly get     'accept-ranges': 'bytes',
20 silly get     date: 'Wed, 12 Jul 2017 06:44:41 GMT',
20 silly get     via: '1.1 varnish',
20 silly get     age: '72',
20 silly get     connection: 'keep-alive',
20 silly get     'x-served-by': 'cache-sin18027-SIN',
20 silly get     'x-cache': 'HIT',
20 silly get     'x-cache-hits': '3',
20 silly get     'x-timer': 'S1499841882.505729,VS0,VE0',
20 silly get     vary: 'Accept-Encoding, Accept' } ]
21 verbose get saving bower to /home/vishnu/.npm/registry.npmjs.org/bower/.cache.json
22 silly install normalizeTree
23 silly loadCurrentTree Finishing
24 silly loadIdealTree Starting
25 silly install loadIdealTree
26 silly cloneCurrentTree Starting
27 silly install cloneCurrentTreeToIdealTree
28 silly cloneCurrentTree Finishing
29 silly loadShrinkwrap Starting
30 silly install loadShrinkwrap
31 silly loadShrinkwrap Finishing
32 silly loadAllDepsIntoIdealTree Starting
33 silly install loadAllDepsIntoIdealTree
34 silly resolveWithNewModule bower@1.8.0 checking installable status
35 silly cache add args [ 'bower', null ]
36 verbose cache add spec bower
37 silly cache add parsed spec Result {
37 silly cache add   raw: 'bower',
37 silly cache add   scope: null,
37 silly cache add   name: 'bower',
37 silly cache add   rawSpec: '',
37 silly cache add   spec: 'latest',
37 silly cache add   type: 'tag' }
38 silly addNamed bower@latest
39 verbose addNamed "latest" is being treated as a dist-tag for bower
40 info addNameTag [ 'bower', 'latest' ]
41 silly mapToRegistry name bower
42 silly mapToRegistry using default registry
43 silly mapToRegistry registry https://registry.npmjs.org/
44 silly mapToRegistry uri https://registry.npmjs.org/bower
45 verbose addNameTag registry:https://registry.npmjs.org/bower not in flight; fetching
46 verbose get https://registry.npmjs.org/bower not expired, no request
47 silly addNameTag next cb for bower with tag latest
48 silly addNamed bower@1.8.0
49 verbose addNamed "1.8.0" is a plain semver version for bower
50 warn deprecated bower@1.8.0: ..psst! While Bower is maintained, we recommend Yarn and Webpack for *new* front-end projects! Yarn's advantage is security and reliability, and Webpack's is support for both CommonJS and AMD projects. Currently there's no migration path, but please help to create it: https://github.com/bower/bower/issues/2467
51 silly mapToRegistry name bower
52 silly mapToRegistry using default registry
53 silly mapToRegistry registry https://registry.npmjs.org/
54 silly mapToRegistry uri https://registry.npmjs.org/bower
55 verbose addRemoteTarball https://registry.npmjs.org/bower/-/bower-1.8.0.tgz not in flight; adding
56 verbose addRemoteTarball [ 'https://registry.npmjs.org/bower/-/bower-1.8.0.tgz',
56 verbose addRemoteTarball   '55dbebef0ad9155382d9e9d3e497c1372345b44a' ]
57 info retry fetch attempt 1 at 12:14:42 PM
58 info attempt registry request try #1 at 12:14:42 PM
59 http fetch GET https://registry.npmjs.org/bower/-/bower-1.8.0.tgz
60 http fetch 200 https://registry.npmjs.org/bower/-/bower-1.8.0.tgz
61 silly fetchAndShaCheck shasum 55dbebef0ad9155382d9e9d3e497c1372345b44a
62 verbose addTmpTarball /tmp/npm-9821-c9ea5318/registry.npmjs.org/bower/-/bower-1.8.0.tgz not in flight; adding
63 verbose addTmpTarball already have metadata; skipping unpack for bower@1.8.0
64 silly cache afterAdd bower@1.8.0
65 verbose afterAdd /home/vishnu/.npm/bower/1.8.0/package/package.json not in flight; writing
66 verbose afterAdd /home/vishnu/.npm/bower/1.8.0/package/package.json written
67 silly loadAllDepsIntoIdealTree Finishing
68 silly idealTree:prePrune lib
68 silly idealTree:prePrune `-- bower@1.8.0
69 silly loadIdealTree Finishing
70 silly currentTree lib
71 silly idealTree lib
71 silly idealTree `-- bower@1.8.0
72 silly generateActionsToTake Starting
73 silly install generateActionsToTake
74 warn checkPermissions Missing write access to /usr/local/lib
75 silly rollbackFailedOptional Starting
76 silly rollbackFailedOptional Finishing
77 silly runTopLevelLifecycles Starting
78 silly runTopLevelLifecycles Finishing
79 silly install printInstalled
80 verbose stack Error: EACCES: permission denied, access '/usr/local/lib'
80 verbose stack     at Error (native)
81 verbose cwd /home/vishnu/learning/testedit
82 error Linux 4.4.0-83-generic
83 error argv "/usr/bin/nodejs" "/usr/bin/npm" "install" "-g" "bower"
84 error node v4.2.6
85 error npm  v3.5.2
86 error path /usr/local/lib
87 error code EACCES
88 error errno -13
89 error syscall access
90 error Error: EACCES: permission denied, access '/usr/local/lib'
90 error     at Error (native)
90 error  { [Error: EACCES: permission denied, access '/usr/local/lib']
90 error   errno: -13,
90 error   code: 'EACCES',
90 error   syscall: 'access',
90 error   path: '/usr/local/lib' }
91 error Please try running this command again as root/Administrator.
92 verbose exit [ -13, true ]
